2025-06-16 09:07:02,880 - INFO - Modo debug activado - Mostrando detalles técnicos
2025-06-16 09:07:02,884 - INFO - Iniciando detección automática de páginas relevantes...
2025-06-16 09:07:12,370 - DEBUG - Marcador encontrado en página 2474
2025-06-16 09:07:12,394 - DEBUG - Marcador encontrado en página 2481
2025-06-16 09:07:12,734 - INFO - Rango detectado: Páginas 2474-2486
2025-06-16 09:07:12,735 - INFO - Extrayendo datos presupuestarios...
2025-06-16 09:07:12,735 - INFO - Extrayendo texto de páginas 2474-2486
2025-06-16 09:07:12,736 - DEBUG - Página 2474 - Extracto: PROYECTO DE RENOVACION DE LAS INSTALACIONES DE ALUMBRADO PUBLICO EXTERIOR ANEJO 12.- CLASIFICACION DEL CONTRATISTA pag. 2 INDICE 1 ANTECEDENTES .........
2025-06-16 09:07:12,739 - DEBUG - Página 2475 - Extracto: PROYECTO DE RENOVACION DE LAS INSTALACIONES DE ALUMBRADO PUBLICO EXTERIOR ANEJO 12.- CLASIFICACION DEL CONTRATISTA pag. 3 1 ANTECEDENTES 1,1 GENERALID...
2025-06-16 09:07:12,742 - DEBUG - Página 2476 - Extracto: PROYECTO DE RENOVACION DE LAS INSTALACIONES DE ALUMBRADO PUBLICO EXTERIOR ANEJO 12.- CLASIFICACION DEL CONTRATISTA pag. 4 del contrato, excepto en cas...
2025-06-16 09:07:12,745 - DEBUG - Página 2477 - Extracto: PROYECTO DE RENOVACION DE LAS INSTALACIONES DE ALUMBRADO PUBLICO EXTERIOR ANEJO 12.- CLASIFICACION DEL CONTRATISTA pag. 5 condiciones de solvencia eco...
2025-06-16 09:07:12,748 - DEBUG - Página 2478 - Extracto: PROYECTO DE RENOVACION DE LAS INSTALACIONES DE ALUMBRADO PUBLICO EXTERIOR ANEJO 12.- CLASIFICACION DEL CONTRATISTA pag. 6 REGLAMENTO GENERAL DE LA LEY...
2025-06-16 09:07:12,750 - DEBUG - Página 2479 - Extracto: PROYECTO DE RENOVACION DE LAS INSTALACIONES DE ALUMBRADO PUBLICO EXTERIOR ANEJO 12.- CLASIFICACION DEL CONTRATISTA pag. 7 Subgrupo 2. Presas. Subgrupo...
2025-06-16 09:07:12,752 - DEBUG - Página 2480 - Extracto: PROYECTO DE RENOVACION DE LAS INSTALACIONES DE ALUMBRADO PUBLICO EXTERIOR ANEJO 12.- CLASIFICACION DEL CONTRATISTA pag. 8 Subgrupo 1. Elevadoras o tra...
2025-06-16 09:07:12,762 - DEBUG - Página 2481 - Extracto: 2 RESUMEN PRESUPUESTO EJECUCION POR CONTRATA OBRA: PROYECTO DE RENOVACION DE LAS INSTALACIONES DE ALUMBRADO PUBLICO EXTERIOR DEL MUNICIPIO DE SALAMANC...
2025-06-16 09:07:12,770 - DEBUG - Página 2482 - Extracto: PROYECTO DE RENOVACION DE LAS INSTALACIONES DE ALUMBRADO PUBLICO EXTERIOR ANEJO 12.- CLASIFICACION DEL CONTRATISTA pag. 10 CAPITULO RESUMEN EUROS % __...
2025-06-16 09:07:12,780 - DEBUG - Página 2483 - Extracto: PROYECTO DE RENOVACION DE LAS INSTALACIONES DE ALUMBRADO PUBLICO EXTERIOR ANEJO 12.- CLASIFICACION DEL CONTRATISTA pag. 11 CAPITULO RESUMEN EUROS % __...
2025-06-16 09:07:12,790 - DEBUG - Página 2484 - Extracto: PROYECTO DE RENOVACION DE LAS INSTALACIONES DE ALUMBRADO PUBLICO EXTERIOR ANEJO 12.- CLASIFICACION DEL CONTRATISTA pag. 12 CAPITULO RESUMEN EUROS % __...
2025-06-16 09:07:12,795 - DEBUG - Página 2485 - Extracto: PROYECTO DE RENOVACION DE LAS INSTALACIONES DE ALUMBRADO PUBLICO EXTERIOR ANEJO 12.- CLASIFICACION DEL CONTRATISTA pag. 13 CAPITULO RESUMEN EUROS % __...
2025-06-16 09:07:12,797 - DEBUG - Página 2486 - Extracto: PROYECTO DE RENOVACION DE LAS INSTALACIONES DE ALUMBRADO PUBLICO EXTERIOR ANEJO 12.- CLASIFICACION DEL CONTRATISTA pag. 14 3 CLASIFICACION DEL CONTRAT...
2025-06-16 09:07:12,800 - WARNING - Bloque descartado (contexto inválido):
RESUMEN PRESUPUESTO EJECUCION POR CONTRATA ................................................................ 9 3 CLASIFICACION DEL CONTRATISTA .............................................................
2025-06-16 09:07:12,800 - ERROR - ¡Todos los bloques fueron descartados! Revise los patrones.
2025-06-16 09:07:12,801 - WARNING - No se encontraron partidas con el patrón estructurado. Intentando enfoque simple...
2025-06-16 09:07:12,802 - INFO - Partidas extraídas: 0
